# JRE version: OpenJDK Runtime Environment (11.0.11+9) (build 11.0.11+9-b60-7590822)
# Java VM: OpenJDK 64-Bit Server VM (11.0.11+9-b60-7590822, mixed mode, tiered, compressed oops, g1 gc, windows-amd64)
Heap:
 garbage-first heap   total 262144K, used 157852K [0x0000000080000000, 0x0000000100000000)
  region size 1024K, 20 young (20480K), 5 survivors (5120K)
 Metaspace       used 129898K, capacity 132759K, committed 132956K, reserved 1165312K
  class space    used 15905K, capacity 16968K, committed 16972K, reserved 1048576K
GC Heap History (20 events):
Event: 64.937 GC heap before
{Heap before GC invocations=42 (full 0):
 garbage-first heap   total 218112K, used 155197K [0x0000000080000000, 0x0000000100000000)
  region size 1024K, 52 young (53248K), 1 survivors (1024K)
 Metaspace       used 98643K, capacity 100863K, committed 101084K, reserved 1136640K
  class space    used 12350K, capacity 13194K, committed 13260K, reserved 1048576K
}
Event: 64.959 GC heap after
{Heap after GC invocations=43 (full 0):
 garbage-first heap   total 218112K, used 108380K [0x0000000080000000, 0x0000000100000000)
  region size 1024K, 6 young (6144K), 6 survivors (6144K)
 Metaspace       used 98643K, capacity 100863K, committed 101084K, reserved 1136640K
  class space    used 12350K, capacity 13194K, committed 13260K, reserved 1048576K
}
Event: 66.318 GC heap before
{Heap before GC invocations=44 (full 0):
 garbage-first heap   total 218112K, used 158556K [0x0000000080000000, 0x0000000100000000)
  region size 1024K, 57 young (58368K), 6 survivors (6144K)
 Metaspace       used 102011K, capacity 104243K, committed 104284K, reserved 1140736K
  class space    used 12775K, capacity 13613K, committed 13644K, reserved 1048576K
}
Event: 66.345 GC heap after
{Heap after GC invocations=45 (full 0):
 garbage-first heap   total 262144K, used 109900K [0x0000000080000000, 0x0000000100000000)
  region size 1024K, 3 young (3072K), 3 survivors (3072K)
 Metaspace       used 102011K, capacity 104243K, committed 104284K, reserved 1140736K
  class space    used 12775K, capacity 13613K, committed 13644K, reserved 1048576K
}
Event: 66.783 GC heap before
{Heap before GC invocations=45 (full 0):
 garbage-first heap   total 262144K, used 118092K [0x0000000080000000, 0x0000000100000000)
  region size 1024K, 12 young (12288K), 3 survivors (3072K)
 Metaspace       used 102385K, capacity 104623K, committed 104924K, reserved 1140736K
  class space    used 12813K, capacity 13657K, committed 13772K, reserved 1048576K
}
Event: 66.800 GC heap after
{Heap after GC invocations=46 (full 0):
 garbage-first heap   total 262144K, used 110284K [0x0000000080000000, 0x0000000100000000)
  region size 1024K, 2 young (2048K), 2 survivors (2048K)
 Metaspace       used 102385K, capacity 104623K, committed 104924K, reserved 1140736K
  class space    used 12813K, capacity 13657K, committed 13772K, reserved 1048576K
}
Event: 71.938 GC heap before
{Heap before GC invocations=46 (full 0):
 garbage-first heap   total 262144K, used 186060K [0x0000000080000000, 0x0000000100000000)
  region size 1024K, 77 young (78848K), 2 survivors (2048K)
 Metaspace       used 102608K, capacity 104852K, committed 105180K, reserved 1140736K
  class space    used 12832K, capacity 13668K, committed 13772K, reserved 1048576K
}
Event: 71.961 GC heap after
{Heap after GC invocations=47 (full 0):
 garbage-first heap   total 262144K, used 116447K [0x0000000080000000, 0x0000000100000000)
  region size 1024K, 8 young (8192K), 8 survivors (8192K)
 Metaspace       used 102608K, capacity 104852K, committed 105180K, reserved 1140736K
  class space    used 12832K, capacity 13668K, committed 13772K, reserved 1048576K
}
Event: 95.748 GC heap before
{Heap before GC invocations=47 (full 0):
 garbage-first heap   total 262144K, used 193247K [0x0000000080000000, 0x0000000100000000)
  region size 1024K, 84 young (86016K), 8 survivors (8192K)
 Metaspace       used 104510K, capacity 106814K, committed 106972K, reserved 1142784K
  class space    used 13045K, capacity 13894K, committed 14028K, reserved 1048576K
}
Event: 95.776 GC heap after
{Heap after GC invocations=48 (full 0):
 garbage-first heap   total 262144K, used 119601K [0x0000000080000000, 0x0000000100000000)
  region size 1024K, 6 young (6144K), 6 survivors (6144K)
 Metaspace       used 104510K, capacity 106814K, committed 106972K, reserved 1142784K
  class space    used 13045K, capacity 13894K, committed 14028K, reserved 1048576K
}
Event: 127.811 GC heap before
{Heap before GC invocations=48 (full 0):
 garbage-first heap   total 262144K, used 196401K [0x0000000080000000, 0x0000000100000000)
  region size 1024K, 82 young (83968K), 6 survivors (6144K)
 Metaspace       used 108545K, capacity 111006K, committed 111068K, reserved 1146880K
  class space    used 13581K, capacity 14485K, committed 14540K, reserved 1048576K
}
Event: 127.840 GC heap after
{Heap after GC invocations=49 (full 0):
 garbage-first heap   total 262144K, used 123697K [0x0000000080000000, 0x0000000100000000)
  region size 1024K, 10 young (10240K), 10 survivors (10240K)
 Metaspace       used 108545K, capacity 111006K, committed 111068K, reserved 1146880K
  class space    used 13581K, capacity 14485K, committed 14540K, reserved 1048576K
}
Event: 129.918 GC heap before
{Heap before GC invocations=49 (full 0):
 garbage-first heap   total 262144K, used 167729K [0x0000000080000000, 0x0000000100000000)
  region size 1024K, 53 young (54272K), 10 survivors (10240K)
 Metaspace       used 109009K, capacity 111597K, committed 111708K, reserved 1146880K
  class space    used 13608K, capacity 14565K, committed 14668K, reserved 1048576K
}
Event: 129.969 GC heap after
{Heap after GC invocations=50 (full 0):
 garbage-first heap   total 262144K, used 124556K [0x0000000080000000, 0x0000000100000000)
  region size 1024K, 1 young (1024K), 1 survivors (1024K)
 Metaspace       used 109009K, capacity 111597K, committed 111708K, reserved 1146880K
  class space    used 13608K, capacity 14565K, committed 14668K, reserved 1048576K
}
Event: 138.716 GC heap before
{Heap before GC invocations=51 (full 0):
 garbage-first heap   total 262144K, used 208524K [0x0000000080000000, 0x0000000100000000)
  region size 1024K, 75 young (76800K), 1 survivors (1024K)
 Metaspace       used 117972K, capacity 120850K, committed 120924K, reserved 1155072K
  class space    used 14545K, capacity 15640K, committed 15692K, reserved 1048576K
}
Event: 138.744 GC heap after
{Heap after GC invocations=52 (full 0):
 garbage-first heap   total 262144K, used 140288K [0x0000000080000000, 0x0000000100000000)
  region size 1024K, 10 young (10240K), 10 survivors (10240K)
 Metaspace       used 117972K, capacity 120850K, committed 120924K, reserved 1155072K
  class space    used 14545K, capacity 15640K, committed 15692K, reserved 1048576K
}
Event: 138.859 GC heap before
{Heap before GC invocations=52 (full 0):
 garbage-first heap   total 262144K, used 141312K [0x0000000080000000, 0x0000000100000000)
  region size 1024K, 12 young (12288K), 10 survivors (10240K)
 Metaspace       used 118492K, capacity 121362K, committed 121436K, reserved 1155072K
  class space    used 14564K, capacity 15640K, committed 15692K, reserved 1048576K
}
Event: 138.883 GC heap after
{Heap after GC invocations=53 (full 0):
 garbage-first heap   total 262144K, used 137538K [0x0000000080000000, 0x0000000100000000)
  region size 1024K, 1 young (1024K), 1 survivors (1024K)
 Metaspace       used 118492K, capacity 121362K, committed 121436K, reserved 1155072K
  class space    used 14564K, capacity 15640K, committed 15692K, reserved 1048576K
}
Event: 141.968 GC heap before
{Heap before GC invocations=53 (full 0):
 garbage-first heap   total 262144K, used 206146K [0x0000000080000000, 0x0000000100000000)
  region size 1024K, 66 young (67584K), 1 survivors (1024K)
 Metaspace       used 128786K, capacity 131555K, committed 131932K, reserved 1165312K
  class space    used 15750K, capacity 16838K, committed 16972K, reserved 1048576K
}
Event: 141.985 GC heap after
{Heap after GC invocations=54 (full 0):
 garbage-first heap   total 262144K, used 143516K [0x0000000080000000, 0x0000000100000000)
  region size 1024K, 5 young (5120K), 5 survivors (5120K)
 Metaspace       used 128786K, capacity 131555K, committed 131932K, reserved 1165312K
  class space    used 15750K, capacity 16838K, committed 16972K, reserved 1048576K
}

