# JRE version: OpenJDK Runtime Environment (11.0.11+9) (build 11.0.11+9-b60-7590822)
# Java VM: OpenJDK 64-Bit Server VM (11.0.11+9-b60-7590822, mixed mode, tiered, compressed oops, g1 gc, windows-amd64)
Heap:
 garbage-first heap   total 534528K, used 413402K [0x0000000080000000, 0x0000000100000000)
  region size 1024K, 74 young (75776K), 2 survivors (2048K)
 Metaspace       used 173094K, capacity 179407K, committed 179584K, reserved 1206272K
  class space    used 21078K, capacity 23422K, committed 23424K, reserved 1048576K
GC Heap History (20 events):
Event: 12413.031 GC heap before
{Heap before GC invocations=130 (full 0):
 garbage-first heap   total 534528K, used 414915K [0x0000000080000000, 0x0000000100000000)
  region size 1024K, 191 young (195584K), 4 survivors (4096K)
 Metaspace       used 172520K, capacity 178828K, committed 179072K, reserved 1204224K
  class space    used 21028K, capacity 23348K, committed 23424K, reserved 1048576K
}
Event: 12413.077 GC heap after
{Heap after GC invocations=131 (full 0):
 garbage-first heap   total 534528K, used 227523K [0x0000000080000000, 0x0000000100000000)
  region size 1024K, 7 young (7168K), 7 survivors (7168K)
 Metaspace       used 172520K, capacity 178828K, committed 179072K, reserved 1204224K
  class space    used 21028K, capacity 23348K, committed 23424K, reserved 1048576K
}
Event: 12439.746 GC heap before
{Heap before GC invocations=132 (full 0):
 garbage-first heap   total 534528K, used 396483K [0x0000000080000000, 0x0000000100000000)
  region size 1024K, 199 young (203776K), 7 survivors (7168K)
 Metaspace       used 172860K, capacity 179219K, committed 179328K, reserved 1206272K
  class space    used 21065K, capacity 23410K, committed 23424K, reserved 1048576K
}
Event: 12439.790 GC heap after
{Heap after GC invocations=133 (full 0):
 garbage-first heap   total 534528K, used 204995K [0x0000000080000000, 0x0000000100000000)
  region size 1024K, 11 young (11264K), 11 survivors (11264K)
 Metaspace       used 172860K, capacity 179219K, committed 179328K, reserved 1206272K
  class space    used 21065K, capacity 23410K, committed 23424K, reserved 1048576K
}
Event: 12440.064 GC heap before
{Heap before GC invocations=133 (full 0):
 garbage-first heap   total 534528K, used 220355K [0x0000000080000000, 0x0000000100000000)
  region size 1024K, 26 young (26624K), 11 survivors (11264K)
 Metaspace       used 172879K, capacity 179219K, committed 179328K, reserved 1206272K
  class space    used 21066K, capacity 23410K, committed 23424K, reserved 1048576K
}
Event: 12440.129 GC heap after
{Heap after GC invocations=134 (full 0):
 garbage-first heap   total 534528K, used 190898K [0x0000000080000000, 0x0000000100000000)
  region size 1024K, 1 young (1024K), 1 survivors (1024K)
 Metaspace       used 172879K, capacity 179219K, committed 179328K, reserved 1206272K
  class space    used 21066K, capacity 23410K, committed 23424K, reserved 1048576K
}
Event: 12442.517 GC heap before
{Heap before GC invocations=134 (full 0):
 garbage-first heap   total 534528K, used 309682K [0x0000000080000000, 0x0000000100000000)
  region size 1024K, 118 young (120832K), 1 survivors (1024K)
 Metaspace       used 172969K, capacity 179312K, committed 179328K, reserved 1206272K
  class space    used 21070K, capacity 23418K, committed 23424K, reserved 1048576K
}
Event: 12442.538 GC heap after
{Heap after GC invocations=135 (full 0):
 garbage-first heap   total 534528K, used 191529K [0x0000000080000000, 0x0000000100000000)
  region size 1024K, 2 young (2048K), 2 survivors (2048K)
 Metaspace       used 172969K, capacity 179312K, committed 179328K, reserved 1206272K
  class space    used 21070K, capacity 23418K, committed 23424K, reserved 1048576K
}
Event: 12451.613 GC heap before
{Heap before GC invocations=136 (full 0):
 garbage-first heap   total 534528K, used 453673K [0x0000000080000000, 0x0000000100000000)
  region size 1024K, 224 young (229376K), 2 survivors (2048K)
 Metaspace       used 173031K, capacity 179390K, committed 179584K, reserved 1206272K
  class space    used 21070K, capacity 23418K, committed 23424K, reserved 1048576K
}
Event: 12451.845 GC heap after
{Heap after GC invocations=137 (full 0):
 garbage-first heap   total 534528K, used 274972K [0x0000000080000000, 0x0000000100000000)
  region size 1024K, 28 young (28672K), 28 survivors (28672K)
 Metaspace       used 173031K, capacity 179390K, committed 179584K, reserved 1206272K
  class space    used 21070K, capacity 23418K, committed 23424K, reserved 1048576K
}
Event: 12451.858 GC heap before
{Heap before GC invocations=137 (full 0):
 garbage-first heap   total 534528K, used 275996K [0x0000000080000000, 0x0000000100000000)
  region size 1024K, 29 young (29696K), 28 survivors (28672K)
 Metaspace       used 173031K, capacity 179390K, committed 179584K, reserved 1206272K
  class space    used 21070K, capacity 23418K, committed 23424K, reserved 1048576K
}
Event: 12452.038 GC heap after
{Heap after GC invocations=138 (full 0):
 garbage-first heap   total 534528K, used 273920K [0x0000000080000000, 0x0000000100000000)
  region size 1024K, 1 young (1024K), 1 survivors (1024K)
 Metaspace       used 173031K, capacity 179390K, committed 179584K, reserved 1206272K
  class space    used 21070K, capacity 23418K, committed 23424K, reserved 1048576K
}
Event: 12452.179 GC heap before
{Heap before GC invocations=138 (full 0):
 garbage-first heap   total 534528K, used 289280K [0x0000000080000000, 0x0000000100000000)
  region size 1024K, 17 young (17408K), 1 survivors (1024K)
 Metaspace       used 173031K, capacity 179390K, committed 179584K, reserved 1206272K
  class space    used 21070K, capacity 23418K, committed 23424K, reserved 1048576K
}
Event: 12452.213 GC heap after
{Heap after GC invocations=139 (full 0):
 garbage-first heap   total 534528K, used 275456K [0x0000000080000000, 0x0000000100000000)
  region size 1024K, 3 young (3072K), 3 survivors (3072K)
 Metaspace       used 173031K, capacity 179390K, committed 179584K, reserved 1206272K
  class space    used 21070K, capacity 23418K, committed 23424K, reserved 1048576K
}
Event: 12455.469 GC heap before
{Heap before GC invocations=140 (full 0):
 garbage-first heap   total 534528K, used 451584K [0x0000000080000000, 0x0000000100000000)
  region size 1024K, 150 young (153600K), 3 survivors (3072K)
 Metaspace       used 173039K, capacity 179390K, committed 179584K, reserved 1206272K
  class space    used 21071K, capacity 23418K, committed 23424K, reserved 1048576K
}
Event: 12455.551 GC heap after
{Heap after GC invocations=141 (full 0):
 garbage-first heap   total 534528K, used 318464K [0x0000000080000000, 0x0000000100000000)
  region size 1024K, 19 young (19456K), 19 survivors (19456K)
 Metaspace       used 173039K, capacity 179390K, committed 179584K, reserved 1206272K
  class space    used 21071K, capacity 23418K, committed 23424K, reserved 1048576K
}
Event: 12455.682 GC heap before
{Heap before GC invocations=141 (full 0):
 garbage-first heap   total 534528K, used 327680K [0x0000000080000000, 0x0000000100000000)
  region size 1024K, 26 young (26624K), 19 survivors (19456K)
 Metaspace       used 173039K, capacity 179390K, committed 179584K, reserved 1206272K
  class space    used 21071K, capacity 23418K, committed 23424K, reserved 1048576K
}
Event: 12455.792 GC heap after
{Heap after GC invocations=142 (full 0):
 garbage-first heap   total 534528K, used 320000K [0x0000000080000000, 0x0000000100000000)
  region size 1024K, 2 young (2048K), 2 survivors (2048K)
 Metaspace       used 173039K, capacity 179390K, committed 179584K, reserved 1206272K
  class space    used 21071K, capacity 23418K, committed 23424K, reserved 1048576K
}
Event: 12455.995 GC heap before
{Heap before GC invocations=142 (full 0):
 garbage-first heap   total 534528K, used 321024K [0x0000000080000000, 0x0000000100000000)
  region size 1024K, 4 young (4096K), 2 survivors (2048K)
 Metaspace       used 173039K, capacity 179390K, committed 179584K, reserved 1206272K
  class space    used 21071K, capacity 23418K, committed 23424K, reserved 1048576K
}
Event: 12456.019 GC heap after
{Heap after GC invocations=143 (full 0):
 garbage-first heap   total 534528K, used 320218K [0x0000000080000000, 0x0000000100000000)
  region size 1024K, 2 young (2048K), 2 survivors (2048K)
 Metaspace       used 173039K, capacity 179390K, committed 179584K, reserved 1206272K
  class space    used 21071K, capacity 23418K, committed 23424K, reserved 1048576K
}

